<?xml version="1.0" encoding="UTF-8"?>
<testsuite name="com.example.demo5.Demo5ApplicationTests" tests="1" skipped="0" failures="0" errors="0" timestamp="2024-09-08T09:31:55" hostname="Boriss-MacBook-Pro.local" time="0.402">
  <properties/>
  <testcase name="contextLoads()" classname="com.example.demo5.Demo5ApplicationTests" time="0.402"/>
  <system-out><![CDATA[11:31:53.227 [Test worker] INFO org.springframework.test.context.support.AnnotationConfigContextLoaderUtils -- Could not detect default configuration classes for test class [com.example.demo5.Demo5ApplicationTests]: Demo5ApplicationTests does not declare any static, non-private, non-final, nested classes annotated with @Configuration.
11:31:53.285 [Test worker] INFO org.springframework.boot.test.context.SpringBootTestContextBootstrapper -- Found @SpringBootConfiguration com.example.demo5.Demo5Application for test class com.example.demo5.Demo5ApplicationTests

  .   ____          _            __ _ _
 /\\ / ___'_ __ _ _(_)_ __  __ _ \ \ \ \
( ( )\___ | '_ | '_| | '_ \/ _` | \ \ \ \
 \\/  ___)| |_)| | | | | || (_| |  ) ) ) )
  '  |____| .__|_| |_|_| |_\__, | / / / /
 =========|_|==============|___/=/_/_/_/

 :: Spring Boot ::                (v3.3.3)

2024-09-08T11:31:53.440+02:00  INFO 94914 --- [demo5] [    Test worker] c.example.demo5.Demo5ApplicationTests    : Starting Demo5ApplicationTests using Java 17.0.11 with PID 94914 (started by boriss in /Users/boriss/Desktop/Java_Projects/demo5)
2024-09-08T11:31:53.440+02:00  INFO 94914 --- [demo5] [    Test worker] c.example.demo5.Demo5ApplicationTests    : No active profile set, falling back to 1 default profile: "default"
2024-09-08T11:31:54.007+02:00  INFO 94914 --- [demo5] [    Test worker] com.zaxxer.hikari.HikariDataSource       : HikariPool-1 - Starting...
2024-09-08T11:31:54.114+02:00  INFO 94914 --- [demo5] [    Test worker] com.zaxxer.hikari.pool.HikariPool        : HikariPool-1 - Added connection org.postgresql.jdbc.PgConnection@46468f0
2024-09-08T11:31:54.115+02:00  INFO 94914 --- [demo5] [    Test worker] com.zaxxer.hikari.HikariDataSource       : HikariPool-1 - Start completed.
2024-09-08T11:31:54.912+02:00  INFO 94914 --- [demo5] [    Test worker] ctiveUserDetailsServiceAutoConfiguration : 

Using generated security password: e38aadac-ac96-4610-a9bb-4d175b9dec20

2024-09-08T11:31:55.051+02:00 ERROR 94914 --- [demo5] [    Test worker] i.n.r.d.DnsServerAddressStreamProviders  : Unable to load io.netty.resolver.dns.macos.MacOSDnsServerAddressStreamProvider, fallback to system defaults. This may result in incorrect DNS resolutions on MacOS. Check whether you have a dependency on 'io.netty:netty-resolver-dns-native-macos'. Use DEBUG level to see the full stack: java.lang.UnsatisfiedLinkError: failed to load the required native library
2024-09-08T11:31:55.060+02:00  INFO 94914 --- [demo5] [    Test worker] c.example.demo5.Demo5ApplicationTests    : Started Demo5ApplicationTests in 1.713 seconds (process running for 2.203)
]]></system-out>
  <system-err><![CDATA[]]></system-err>
</testsuite>
